<?xml version="1.0" encoding="UTF-8"?>
<!-- Generated by org.testng.reporters.JUnitReportReporter -->
<testsuite hostname="MikMilMoms" name="com.Uptake.Platformss" tests="1" failures="0" timestamp="12 May 2016 06:32:45 GMT" time="55.497" errors="0">
  <testcase name="VerifyCheckLink_Platform" time="55.497" classname="com.Uptake.Platformss"/>
</testsuite> <!-- com.Uptake.Platformss -->
