<?xml version="1.0" encoding="UTF-8"?>
<!-- Generated by org.testng.reporters.JUnitReportReporter -->
<testsuite hostname="MikMilMoms" name="com.Uptake.CheckLinks" tests="1" failures="0" timestamp="28 Apr 2016 04:18:32 GMT" time="33.639" errors="0">
  <testcase name="VerifyCheckLink" time="33.639" classname="com.Uptake.CheckLinks"/>
</testsuite> <!-- com.Uptake.CheckLinks -->
