<?xml version="1.0" encoding="UTF-8"?>
<!-- Generated by org.testng.reporters.JUnitReportReporter -->
<testsuite hostname="MikMilMoms" name="VerifyHomePageTest1" tests="1" failures="0" timestamp="18 May 2016 19:40:45 GMT" time="12.140" errors="0">
  <testcase name="ChecknewLinks" time="12.140" classname="VerifyHomePageTest1"/>
</testsuite> <!-- VerifyHomePageTest1 -->
