<?xml version="1.0" encoding="UTF-8"?>
<!-- Generated by org.testng.reporters.JUnitReportReporter -->
<testsuite hostname="MikMilMoms" name="target.VerifyHome" tests="1" failures="1" timestamp="28 Apr 2016 15:16:06 GMT" time="110.814" errors="0">
  <testcase name="VerifyHomePage" time="110.814" classname="target.VerifyHome">
    <failure type="org.openqa.selenium.WebDriverException" message="Failed to connect to binary FirefoxBinary(C:\Program Files (x86)\Mozilla Firefox\firefox.exe) on port 7058; process output follows: 
les (x86)\\Mozilla Firefox\\browser\\extensions\\{82AF8DCA-6DE9-405D-BD5E-43525BDAD38A}.xpi&quot;,&quot;installDate&quot;:1452132006000,&quot;updateDate&quot;:1452132006000,&quot;applyBackgroundUpdates&quot;:1,&quot;bootstrap&quot;:true,&quot;skinnable&quot;:false,&quot;size&quot;:326715,&quot;sourceURI&quot;:null,&quot;releaseNotesURI&quot;:null,&quot;softDisabled&quot;:false,&quot;foreignInstall&quot;:true,&quot;hasBinaryComponents&quot;:false,&quot;strictCompatibility&quot;:false,&quot;locales&quot;:[],&quot;targetApplications&quot;:[{&quot;id&quot;:&quot;{ec8030f7-c20a-464f-9b0e-13a3a9e97384}&quot;,&quot;minVersion&quot;:&quot;26.0&quot;,&quot;maxVersion&quot;:&quot;30.0&quot;}],&quot;targetPlatforms&quot;:[],&quot;multiprocessCompatible&quot;:false,&quot;signedState&quot;:2,&quot;seen&quot;:true}
1461856501737	addons.xpi	DEBUG	getModTime: Recursive scan of {82AF8DCA-6DE9-405D-BD5E-43525BDAD38A}
1461856501739	addons.xpi	DEBUG	Updating XPIState for {&quot;id&quot;:&quot;{972ce4c6-7e08-4474-a285-3208198ce6fd}&quot;,&quot;syncGUID&quot;:&quot;5aAUn6OT03Ht&quot;,&quot;location&quot;:&quot;app-global&quot;,&quot;version&quot;:&quot;46.0&quot;,&quot;type&quot;:&quot;theme&quot;,&quot;internalName&quot;:&quot;classic/1.0&quot;,&quot;updateURL&quot;:null,&quot;updateKey&quot;:null,&quot;optionsURL&quot;:null,&quot;optionsType&quot;:null,&quot;aboutURL&quot;:null,&quot;icons&quot;:{&quot;32&quot;:&quot;icon.png&quot;,&quot;48&quot;:&quot;icon.png&quot;},&quot;iconURL&quot;:null,&quot;icon64URL&quot;:null,&quot;defaultLocale&quot;:{&quot;name&quot;:&quot;Default&quot;,&quot;description&quot;:&quot;The default theme.&quot;,&quot;creator&quot;:&quot;Mozilla&quot;,&quot;homepageURL&quot;:null,&quot;contributors&quot;:[&quot;Mozilla Contributors&quot;]},&quot;visible&quot;:true,&quot;active&quot;:true,&quot;userDisabled&quot;:false,&quot;appDisabled&quot;:false,&quot;descriptor&quot;:&quot;C:\\Program Files (x86)\\Mozilla Firefox\\browser\\extensions\\{972ce4c6-7e08-4474-a285-3208198ce6fd}.xpi&quot;,&quot;installDate&quot;:1461739450258,&quot;updateDate&quot;:1461739450258,&quot;applyBackgroundUpdates&quot;:1,&quot;skinnable&quot;:true,&quot;size&quot;:22006,&quot;sourceURI&quot;:null,&quot;releaseNotesURI&quot;:null,&quot;softDisabled&quot;:false,&quot;foreignInstall&quot;:false,&quot;hasBinaryComponents&quot;:false,&quot;strictCompatibility&quot;:true,&quot;locales&quot;:[],&quot;targetApplications&quot;:[{&quot;id&quot;:&quot;{ec8030f7-c20a-464f-9b0e-13a3a9e97384}&quot;,&quot;minVersion&quot;:&quot;46.0&quot;,&quot;maxVersion&quot;:&quot;46.0&quot;}],&quot;targetPlatforms&quot;:[],&quot;seen&quot;:true}
1461856501740	addons.xpi	DEBUG	getModTime: Recursive scan of {972ce4c6-7e08-4474-a285-3208198ce6fd}
1461856501745	DeferredSave.extensions.json	DEBUG	Save changes
1461856501745	addons.xpi	DEBUG	Updating database with changes to installed add-ons
1461856501745	addons.xpi-utils	DEBUG	Updating add-on states
1461856501824	addons.xpi-utils	DEBUG	Writing add-ons list
1461856502879	addons.xpi	DEBUG	Registering manifest for C:\Program Files (x86)\Mozilla Firefox\browser\features\e10srollout@mozilla.org.xpi
1461856502881	addons.xpi	DEBUG	Calling bootstrap method startup on e10srollout@mozilla.org version 1.0
1461856502882	addons.xpi	DEBUG	Registering manifest for C:\Program Files (x86)\Mozilla Firefox\browser\features\firefox@getpocket.com.xpi
1461856502884	addons.xpi	DEBUG	Calling bootstrap method startup on firefox@getpocket.com version 1.0
1461856502887	addons.xpi	DEBUG	Registering manifest for C:\Program Files (x86)\Mozilla Firefox\browser\features\loop@mozilla.org.xpi
1461856502890	addons.xpi	DEBUG	Calling bootstrap method startup on loop@mozilla.org version 1.2.6
1461856503180	addons.xpi	DEBUG	Registering manifest for C:\Program Files (x86)\Mozilla Firefox\browser\extensions\{82AF8DCA-6DE9-405D-BD5E-43525BDAD38A}.xpi
1461856503183	addons.xpi	DEBUG	Calling bootstrap method startup on {82AF8DCA-6DE9-405D-BD5E-43525BDAD38A} version 8.0.0.9103
1461856503744	addons.manager	DEBUG	Registering shutdown blocker for XPIProvider
1461856503745	addons.manager	DEBUG	Provider finished startup: XPIProvider
1461856503745	addons.manager	DEBUG	Starting provider: LightweightThemeManager
1461856503746	addons.manager	DEBUG	Registering shutdown blocker for LightweightThemeManager
1461856503746	addons.manager	DEBUG	Provider finished startup: LightweightThemeManager
1461856503748	addons.manager	DEBUG	Starting provider: GMPProvider
1461856503857	addons.manager	DEBUG	Registering shutdown blocker for GMPProvider
1461856503858	addons.manager	DEBUG	Provider finished startup: GMPProvider
1461856503859	addons.manager	DEBUG	Starting provider: PluginProvider
1461856503859	addons.manager	DEBUG	Registering shutdown blocker for PluginProvider
1461856503861	addons.manager	DEBUG	Provider finished startup: PluginProvider
1461856503862	addons.manager	DEBUG	Completed startup sequence

Build info: version: &#039;2.53.0&#039;, revision: &#039;35ae25b&#039;, time: &#039;2016-03-15 16:57:40&#039;
System info: host: &#039;MikMilMoms&#039;, ip: &#039;192.168.1.66&#039;, os.name: &#039;Windows 8.1&#039;, os.arch: &#039;amd64&#039;, os.version: &#039;6.3&#039;, java.version: &#039;1.8.0_92&#039;
Driver info: driver.version: FirefoxDriver">
      <![CDATA[org.openqa.selenium.WebDriverException: Failed to connect to binary FirefoxBinary(C:\Program Files (x86)\Mozilla Firefox\firefox.exe) on port 7058; process output follows: 
les (x86)\\Mozilla Firefox\\browser\\extensions\\{82AF8DCA-6DE9-405D-BD5E-43525BDAD38A}.xpi","installDate":1452132006000,"updateDate":1452132006000,"applyBackgroundUpdates":1,"bootstrap":true,"skinnable":false,"size":326715,"sourceURI":null,"releaseNotesURI":null,"softDisabled":false,"foreignInstall":true,"hasBinaryComponents":false,"strictCompatibility":false,"locales":[],"targetApplications":[{"id":"{ec8030f7-c20a-464f-9b0e-13a3a9e97384}","minVersion":"26.0","maxVersion":"30.0"}],"targetPlatforms":[],"multiprocessCompatible":false,"signedState":2,"seen":true}
1461856501737	addons.xpi	DEBUG	getModTime: Recursive scan of {82AF8DCA-6DE9-405D-BD5E-43525BDAD38A}
1461856501739	addons.xpi	DEBUG	Updating XPIState for {"id":"{972ce4c6-7e08-4474-a285-3208198ce6fd}","syncGUID":"5aAUn6OT03Ht","location":"app-global","version":"46.0","type":"theme","internalName":"classic/1.0","updateURL":null,"updateKey":null,"optionsURL":null,"optionsType":null,"aboutURL":null,"icons":{"32":"icon.png","48":"icon.png"},"iconURL":null,"icon64URL":null,"defaultLocale":{"name":"Default","description":"The default theme.","creator":"Mozilla","homepageURL":null,"contributors":["Mozilla Contributors"]},"visible":true,"active":true,"userDisabled":false,"appDisabled":false,"descriptor":"C:\\Program Files (x86)\\Mozilla Firefox\\browser\\extensions\\{972ce4c6-7e08-4474-a285-3208198ce6fd}.xpi","installDate":1461739450258,"updateDate":1461739450258,"applyBackgroundUpdates":1,"skinnable":true,"size":22006,"sourceURI":null,"releaseNotesURI":null,"softDisabled":false,"foreignInstall":false,"hasBinaryComponents":false,"strictCompatibility":true,"locales":[],"targetApplications":[{"id":"{ec8030f7-c20a-464f-9b0e-13a3a9e97384}","minVersion":"46.0","maxVersion":"46.0"}],"targetPlatforms":[],"seen":true}
1461856501740	addons.xpi	DEBUG	getModTime: Recursive scan of {972ce4c6-7e08-4474-a285-3208198ce6fd}
1461856501745	DeferredSave.extensions.json	DEBUG	Save changes
1461856501745	addons.xpi	DEBUG	Updating database with changes to installed add-ons
1461856501745	addons.xpi-utils	DEBUG	Updating add-on states
1461856501824	addons.xpi-utils	DEBUG	Writing add-ons list
1461856502879	addons.xpi	DEBUG	Registering manifest for C:\Program Files (x86)\Mozilla Firefox\browser\features\e10srollout@mozilla.org.xpi
1461856502881	addons.xpi	DEBUG	Calling bootstrap method startup on e10srollout@mozilla.org version 1.0
1461856502882	addons.xpi	DEBUG	Registering manifest for C:\Program Files (x86)\Mozilla Firefox\browser\features\firefox@getpocket.com.xpi
1461856502884	addons.xpi	DEBUG	Calling bootstrap method startup on firefox@getpocket.com version 1.0
1461856502887	addons.xpi	DEBUG	Registering manifest for C:\Program Files (x86)\Mozilla Firefox\browser\features\loop@mozilla.org.xpi
1461856502890	addons.xpi	DEBUG	Calling bootstrap method startup on loop@mozilla.org version 1.2.6
1461856503180	addons.xpi	DEBUG	Registering manifest for C:\Program Files (x86)\Mozilla Firefox\browser\extensions\{82AF8DCA-6DE9-405D-BD5E-43525BDAD38A}.xpi
1461856503183	addons.xpi	DEBUG	Calling bootstrap method startup on {82AF8DCA-6DE9-405D-BD5E-43525BDAD38A} version 8.0.0.9103
1461856503744	addons.manager	DEBUG	Registering shutdown blocker for XPIProvider
1461856503745	addons.manager	DEBUG	Provider finished startup: XPIProvider
1461856503745	addons.manager	DEBUG	Starting provider: LightweightThemeManager
1461856503746	addons.manager	DEBUG	Registering shutdown blocker for LightweightThemeManager
1461856503746	addons.manager	DEBUG	Provider finished startup: LightweightThemeManager
1461856503748	addons.manager	DEBUG	Starting provider: GMPProvider
1461856503857	addons.manager	DEBUG	Registering shutdown blocker for GMPProvider
1461856503858	addons.manager	DEBUG	Provider finished startup: GMPProvider
1461856503859	addons.manager	DEBUG	Starting provider: PluginProvider
1461856503859	addons.manager	DEBUG	Registering shutdown blocker for PluginProvider
1461856503861	addons.manager	DEBUG	Provider finished startup: PluginProvider
1461856503862	addons.manager	DEBUG	Completed startup sequence

Build info: version: '2.53.0', revision: '35ae25b', time: '2016-03-15 16:57:40'
System info: host: 'MikMilMoms', ip: '192.168.1.66', os.name: 'Windows 8.1', os.arch: 'amd64', os.version: '6.3', java.version: '1.8.0_92'
Driver info: driver.version: FirefoxDriver
	at org.openqa.selenium.firefox.internal.NewProfileExtensionConnection.start(NewProfileExtensionConnection.java:124)
	at org.openqa.selenium.firefox.FirefoxDriver.startClient(FirefoxDriver.java:271)
	at org.openqa.selenium.remote.RemoteWebDriver.<init>(RemoteWebDriver.java:119)
	at org.openqa.selenium.firefox.FirefoxDriver.<init>(FirefoxDriver.java:218)
	at org.openqa.selenium.firefox.FirefoxDriver.<init>(FirefoxDriver.java:211)
	at org.openqa.selenium.firefox.FirefoxDriver.<init>(FirefoxDriver.java:207)
	at org.openqa.selenium.firefox.FirefoxDriver.<init>(FirefoxDriver.java:120)
	at com.Uptake.CheckLinks.VerifyCheckLink_Appro(CheckLinks.java:14)
	at target.VerifyHome.VerifyHomePage(VerifyHome.java:41)
	at sun.reflect.NativeMethodAccessorImpl.invoke0(Native Method)
	at sun.reflect.NativeMethodAccessorImpl.invoke(NativeMethodAccessorImpl.java:62)
	at sun.reflect.DelegatingMethodAccessorImpl.invoke(DelegatingMethodAccessorImpl.java:43)
	at java.lang.reflect.Method.invoke(Method.java:498)
	at org.testng.internal.MethodInvocationHelper.invokeMethod(MethodInvocationHelper.java:84)
	at org.testng.internal.Invoker.invokeMethod(Invoker.java:714)
	at org.testng.internal.Invoker.invokeTestMethod(Invoker.java:901)
	at org.testng.internal.Invoker.invokeTestMethods(Invoker.java:1231)
	at org.testng.internal.TestMethodWorker.invokeTestMethods(TestMethodWorker.java:127)
	at org.testng.internal.TestMethodWorker.run(TestMethodWorker.java:111)
	at org.testng.TestRunner.privateRun(TestRunner.java:767)
	at org.testng.TestRunner.run(TestRunner.java:617)
	at org.testng.SuiteRunner.runTest(SuiteRunner.java:348)
	at org.testng.SuiteRunner.runSequentially(SuiteRunner.java:343)
	at org.testng.SuiteRunner.privateRun(SuiteRunner.java:305)
	at org.testng.SuiteRunner.run(SuiteRunner.java:254)
	at org.testng.SuiteRunnerWorker.runSuite(SuiteRunnerWorker.java:52)
	at org.testng.SuiteRunnerWorker.run(SuiteRunnerWorker.java:86)
	at org.testng.TestNG.runSuitesSequentially(TestNG.java:1224)
	at org.testng.TestNG.runSuitesLocally(TestNG.java:1149)
	at org.testng.TestNG.run(TestNG.java:1057)
	at org.testng.remote.AbstractRemoteTestNG.run(AbstractRemoteTestNG.java:126)
	at org.testng.remote.RemoteTestNG.initAndRun(RemoteTestNG.java:137)
	at org.testng.remote.RemoteTestNG.main(RemoteTestNG.java:58)
Caused by: org.openqa.selenium.firefox.NotConnectedException: Unable to connect to host 127.0.0.1 on port 7058 after 45000 ms. Firefox console output:
les (x86)\\Mozilla Firefox\\browser\\extensions\\{82AF8DCA-6DE9-405D-BD5E-43525BDAD38A}.xpi","installDate":1452132006000,"updateDate":1452132006000,"applyBackgroundUpdates":1,"bootstrap":true,"skinnable":false,"size":326715,"sourceURI":null,"releaseNotesURI":null,"softDisabled":false,"foreignInstall":true,"hasBinaryComponents":false,"strictCompatibility":false,"locales":[],"targetApplications":[{"id":"{ec8030f7-c20a-464f-9b0e-13a3a9e97384}","minVersion":"26.0","maxVersion":"30.0"}],"targetPlatforms":[],"multiprocessCompatible":false,"signedState":2,"seen":true}
1461856501737	addons.xpi	DEBUG	getModTime: Recursive scan of {82AF8DCA-6DE9-405D-BD5E-43525BDAD38A}
1461856501739	addons.xpi	DEBUG	Updating XPIState for {"id":"{972ce4c6-7e08-4474-a285-3208198ce6fd}","syncGUID":"5aAUn6OT03Ht","location":"app-global","version":"46.0","type":"theme","internalName":"classic/1.0","updateURL":null,"updateKey":null,"optionsURL":null,"optionsType":null,"aboutURL":null,"icons":{"32":"icon.png","48":"icon.png"},"iconURL":null,"icon64URL":null,"defaultLocale":{"name":"Default","description":"The default theme.","creator":"Mozilla","homepageURL":null,"contributors":["Mozilla Contributors"]},"visible":true,"active":true,"userDisabled":false,"appDisabled":false,"descriptor":"C:\\Program Files (x86)\\Mozilla Firefox\\browser\\extensions\\{972ce4c6-7e08-4474-a285-3208198ce6fd}.xpi","installDate":1461739450258,"updateDate":1461739450258,"applyBackgroundUpdates":1,"skinnable":true,"size":22006,"sourceURI":null,"releaseNotesURI":null,"softDisabled":false,"foreignInstall":false,"hasBinaryComponents":false,"strictCompatibility":true,"locales":[],"targetApplications":[{"id":"{ec8030f7-c20a-464f-9b0e-13a3a9e97384}","minVersion":"46.0","maxVersion":"46.0"}],"targetPlatforms":[],"seen":true}
1461856501740	addons.xpi	DEBUG	getModTime: Recursive scan of {972ce4c6-7e08-4474-a285-3208198ce6fd}
1461856501745	DeferredSave.extensions.json	DEBUG	Save changes
1461856501745	addons.xpi	DEBUG	Updating database with changes to installed add-ons
1461856501745	addons.xpi-utils	DEBUG	Updating add-on states
1461856501824	addons.xpi-utils	DEBUG	Writing add-ons list
1461856502879	addons.xpi	DEBUG	Registering manifest for C:\Program Files (x86)\Mozilla Firefox\browser\features\e10srollout@mozilla.org.xpi
1461856502881	addons.xpi	DEBUG	Calling bootstrap method startup on e10srollout@mozilla.org version 1.0
1461856502882	addons.xpi	DEBUG	Registering manifest for C:\Program Files (x86)\Mozilla Firefox\browser\features\firefox@getpocket.com.xpi
1461856502884	addons.xpi	DEBUG	Calling bootstrap method startup on firefox@getpocket.com version 1.0
1461856502887	addons.xpi	DEBUG	Registering manifest for C:\Program Files (x86)\Mozilla Firefox\browser\features\loop@mozilla.org.xpi
1461856502890	addons.xpi	DEBUG	Calling bootstrap method startup on loop@mozilla.org version 1.2.6
1461856503180	addons.xpi	DEBUG	Registering manifest for C:\Program Files (x86)\Mozilla Firefox\browser\extensions\{82AF8DCA-6DE9-405D-BD5E-43525BDAD38A}.xpi
1461856503183	addons.xpi	DEBUG	Calling bootstrap method startup on {82AF8DCA-6DE9-405D-BD5E-43525BDAD38A} version 8.0.0.9103
1461856503744	addons.manager	DEBUG	Registering shutdown blocker for XPIProvider
1461856503745	addons.manager	DEBUG	Provider finished startup: XPIProvider
1461856503745	addons.manager	DEBUG	Starting provider: LightweightThemeManager
1461856503746	addons.manager	DEBUG	Registering shutdown blocker for LightweightThemeManager
1461856503746	addons.manager	DEBUG	Provider finished startup: LightweightThemeManager
1461856503748	addons.manager	DEBUG	Starting provider: GMPProvider
1461856503857	addons.manager	DEBUG	Registering shutdown blocker for GMPProvider
1461856503858	addons.manager	DEBUG	Provider finished startup: GMPProvider
1461856503859	addons.manager	DEBUG	Starting provider: PluginProvider
1461856503859	addons.manager	DEBUG	Registering shutdown blocker for PluginProvider
1461856503861	addons.manager	DEBUG	Provider finished startup: PluginProvider
1461856503862	addons.manager	DEBUG	Completed startup sequence

	at org.openqa.selenium.firefox.internal.NewProfileExtensionConnection.start(NewProfileExtensionConnection.java:112)
	... 32 more
]]>
    </failure>
  </testcase> <!-- VerifyHomePage -->
</testsuite> <!-- target.VerifyHome -->
